build/app/intermediates/manifest_merge_blame_file/debug/manifest-merger-blame-debug-report.txt
1<?xml version="1.0" encoding="utf-8"?>
2<manifest xmlns:android="http://schemas.android.com/apk/res/android"
3    package="com.example.societyadminapp"
4    android:versionCode="1"
5    android:versionName="1.0.0" >
6
7    <uses-sdk
8        android:minSdkVersion="19"
9        android:targetSdkVersion="33" />
10    <!--
11         The INTERNET permission is required for development. Specifically,
12         the Flutter tool needs it to communicate with the running application
13         to allow setting breakpoints, to provide hot reload, etc.
14    -->
15    <uses-permission android:name="android.permission.INTERNET" />
15-->src\debug\AndroidManifest.xml:7:5-66
15-->src\debug\AndroidManifest.xml:7:22-64
16    <uses-permission android:name="android.permission.WAKE_LOCK" />
16-->[:firebase_messaging] AndroidManifest.xml:10:5-68
16-->[:firebase_messaging] AndroidManifest.xml:10:22-65
17    <uses-permission android:name="android.permission.ACCESS_NETWORK_STATE" /> <!-- Permissions options for the `notification` group -->
17-->[:firebase_messaging] AndroidManifest.xml:11:5-79
17-->[:firebase_messaging] AndroidManifest.xml:11:22-76
18    <uses-permission android:name="android.permission.POST_NOTIFICATIONS" /> <!-- Required by older versions of Google Play services to create IID tokens -->
18-->[:firebase_messaging] AndroidManifest.xml:13:5-77
18-->[:firebase_messaging] AndroidManifest.xml:13:22-74
19    <uses-permission android:name="com.google.android.c2dm.permission.RECEIVE" />
19-->[com.google.firebase:firebase-messaging:23.1.1] AndroidManifest.xml:28:5-82
19-->[com.google.firebase:firebase-messaging:23.1.1] AndroidManifest.xml:28:22-79
20    <uses-permission android:name="com.google.android.gms.permission.AD_ID" />
20-->[com.google.android.gms:play-services-measurement-api:21.2.0] AndroidManifest.xml:25:5-79
20-->[com.google.android.gms:play-services-measurement-api:21.2.0] AndroidManifest.xml:25:22-76
21    <uses-permission android:name="com.google.android.finsky.permission.BIND_GET_INSTALL_REFERRER_SERVICE" />
21-->[com.google.android.gms:play-services-measurement:21.2.0] AndroidManifest.xml:26:5-110
21-->[com.google.android.gms:play-services-measurement:21.2.0] AndroidManifest.xml:26:22-107
22
23    <application
24        android:name="android.app.Application"
25        android:appComponentFactory="androidx.core.app.CoreComponentFactory"
25-->[androidx.core:core:1.8.0] AndroidManifest.xml:24:18-86
26        android:debuggable="true"
27        android:icon="@mipmap/ic_launcher"
28        android:label="societyadminapp" >
29        <activity
30            android:name="com.example.societyadminapp.MainActivity"
31            android:configChanges="orientation|keyboardHidden|keyboard|screenSize|smallestScreenSize|locale|layoutDirection|fontScale|screenLayout|density|uiMode"
32            android:exported="true"
33            android:hardwareAccelerated="true"
34            android:launchMode="singleTop"
35            android:theme="@style/LaunchTheme"
36            android:windowSoftInputMode="adjustResize" >
37
38            <!--
39                 Specifies an Android theme to apply to this Activity as soon as
40                 the Android process has started. This theme is visible to the user
41                 while the Flutter UI initializes. After that, this theme continues
42                 to determine the Window background behind the Flutter UI.
43            -->
44            <meta-data
45                android:name="io.flutter.embedding.android.NormalTheme"
46                android:resource="@style/NormalTheme" />
47
48            <intent-filter>
49                <action android:name="android.intent.action.MAIN" />
50
51                <category android:name="android.intent.category.LAUNCHER" />
52            </intent-filter>
53        </activity>
54        <!--
55             Don't delete the meta-data below.
56             This is used by the Flutter tool to generate GeneratedPluginRegistrant.java
57        -->
58        <meta-data
59            android:name="flutterEmbedding"
60            android:value="2" />
61
62        <service
62-->[:firebase_messaging] AndroidManifest.xml:16:9-19:72
63            android:name="io.flutter.plugins.firebase.messaging.FlutterFirebaseMessagingBackgroundService"
63-->[:firebase_messaging] AndroidManifest.xml:17:13-107
64            android:exported="false"
64-->[:firebase_messaging] AndroidManifest.xml:18:13-37
65            android:permission="android.permission.BIND_JOB_SERVICE" />
65-->[:firebase_messaging] AndroidManifest.xml:19:13-69
66        <service
66-->[:firebase_messaging] AndroidManifest.xml:20:9-26:19
67            android:name="io.flutter.plugins.firebase.messaging.FlutterFirebaseMessagingService"
67-->[:firebase_messaging] AndroidManifest.xml:21:13-97
68            android:exported="false" >
68-->[:firebase_messaging] AndroidManifest.xml:22:13-37
69            <intent-filter>
69-->[:firebase_messaging] AndroidManifest.xml:23:13-25:29
70                <action android:name="com.google.firebase.MESSAGING_EVENT" />
70-->[:firebase_messaging] AndroidManifest.xml:24:17-78
70-->[:firebase_messaging] AndroidManifest.xml:24:25-75
71            </intent-filter>
72        </service>
73
74        <receiver
74-->[:firebase_messaging] AndroidManifest.xml:28:9-35:20
75            android:name="io.flutter.plugins.firebase.messaging.FlutterFirebaseMessagingReceiver"
75-->[:firebase_messaging] AndroidManifest.xml:29:13-98
76            android:exported="true"
76-->[:firebase_messaging] AndroidManifest.xml:30:13-36
77            android:permission="com.google.android.c2dm.permission.SEND" >
77-->[:firebase_messaging] AndroidManifest.xml:31:13-73
78            <intent-filter>
78-->[:firebase_messaging] AndroidManifest.xml:32:13-34:29
79                <action android:name="com.google.android.c2dm.intent.RECEIVE" />
79-->[:firebase_messaging] AndroidManifest.xml:33:17-81
79-->[:firebase_messaging] AndroidManifest.xml:33:25-78
80            </intent-filter>
81        </receiver>
82
83        <service
83-->[:firebase_messaging] AndroidManifest.xml:37:9-41:19
84            android:name="com.google.firebase.components.ComponentDiscoveryService"
84-->[:firebase_messaging] AndroidManifest.xml:37:18-89
85            android:directBootAware="true"
85-->[com.google.firebase:firebase-common:20.3.0] AndroidManifest.xml:34:13-43
86            android:exported="false" >
86-->[com.google.firebase:firebase-messaging:23.1.1] AndroidManifest.xml:54:13-37
87            <meta-data
87-->[:firebase_messaging] AndroidManifest.xml:38:13-40:85
88                android:name="com.google.firebase.components:io.flutter.plugins.firebase.messaging.FlutterFirebaseAppRegistrar"
88-->[:firebase_messaging] AndroidManifest.xml:39:17-128
89                android:value="com.google.firebase.components.ComponentRegistrar" />
89-->[:firebase_messaging] AndroidManifest.xml:40:17-82
90            <meta-data
90-->[:firebase_core] AndroidManifest.xml:11:13-13:85
91                android:name="com.google.firebase.components:io.flutter.plugins.firebase.core.FlutterFirebaseCoreRegistrar"
91-->[:firebase_core] AndroidManifest.xml:12:17-124
92                android:value="com.google.firebase.components.ComponentRegistrar" />
92-->[:firebase_core] AndroidManifest.xml:13:17-82
93            <meta-data
93-->[com.google.firebase:firebase-messaging:23.1.1] AndroidManifest.xml:55:13-57:85
94                android:name="com.google.firebase.components:com.google.firebase.messaging.FirebaseMessagingRegistrar"
94-->[com.google.firebase:firebase-messaging:23.1.1] AndroidManifest.xml:56:17-119
95                android:value="com.google.firebase.components.ComponentRegistrar" />
95-->[com.google.firebase:firebase-messaging:23.1.1] AndroidManifest.xml:57:17-82
96            <meta-data
96-->[com.google.firebase:firebase-datatransport:18.1.7] AndroidManifest.xml:27:13-29:85
97                android:name="com.google.firebase.components:com.google.firebase.datatransport.TransportRegistrar"
97-->[com.google.firebase:firebase-datatransport:18.1.7] AndroidManifest.xml:28:17-115
98                android:value="com.google.firebase.components.ComponentRegistrar" />
98-->[com.google.firebase:firebase-datatransport:18.1.7] AndroidManifest.xml:29:17-82
99            <meta-data
99-->[com.google.firebase:firebase-iid:21.1.0] AndroidManifest.xml:32:13-34:85
100                android:name="com.google.firebase.components:com.google.firebase.iid.Registrar"
100-->[com.google.firebase:firebase-iid:21.1.0] AndroidManifest.xml:33:17-96
101                android:value="com.google.firebase.components.ComponentRegistrar" />
101-->[com.google.firebase:firebase-iid:21.1.0] AndroidManifest.xml:34:17-82
102            <meta-data
102-->[com.google.android.gms:play-services-measurement-api:21.2.0] AndroidManifest.xml:31:13-33:85
103                android:name="com.google.firebase.components:com.google.firebase.analytics.connector.internal.AnalyticsConnectorRegistrar"
103-->[com.google.android.gms:play-services-measurement-api:21.2.0] AndroidManifest.xml:32:17-139
104                android:value="com.google.firebase.components.ComponentRegistrar" />
104-->[com.google.android.gms:play-services-measurement-api:21.2.0] AndroidManifest.xml:33:17-82
105            <meta-data
105-->[com.google.firebase:firebase-installations:17.1.0] AndroidManifest.xml:17:13-19:85
106                android:name="com.google.firebase.components:com.google.firebase.installations.FirebaseInstallationsRegistrar"
106-->[com.google.firebase:firebase-installations:17.1.0] AndroidManifest.xml:18:17-127
107                android:value="com.google.firebase.components.ComponentRegistrar" />
107-->[com.google.firebase:firebase-installations:17.1.0] AndroidManifest.xml:19:17-82
108        </service>
109
110        <provider
110-->[:firebase_messaging] AndroidManifest.xml:43:9-47:38
111            android:name="io.flutter.plugins.firebase.messaging.FlutterFirebaseMessagingInitProvider"
111-->[:firebase_messaging] AndroidManifest.xml:44:13-102
112            android:authorities="com.example.societyadminapp.flutterfirebasemessaginginitprovider"
112-->[:firebase_messaging] AndroidManifest.xml:45:13-88
113            android:exported="false"
113-->[:firebase_messaging] AndroidManifest.xml:46:13-37
114            android:initOrder="99" />
114-->[:firebase_messaging] AndroidManifest.xml:47:13-35
115        <provider
115-->[:image_picker_android] AndroidManifest.xml:10:9-18:20
116            android:name="io.flutter.plugins.imagepicker.ImagePickerFileProvider"
116-->[:image_picker_android] AndroidManifest.xml:11:13-82
117            android:authorities="com.example.societyadminapp.flutter.image_provider"
117-->[:image_picker_android] AndroidManifest.xml:12:13-74
118            android:exported="false"
118-->[:image_picker_android] AndroidManifest.xml:13:13-37
119            android:grantUriPermissions="true" >
119-->[:image_picker_android] AndroidManifest.xml:14:13-47
120            <meta-data
120-->[:image_picker_android] AndroidManifest.xml:15:13-17:75
121                android:name="android.support.FILE_PROVIDER_PATHS"
121-->[:image_picker_android] AndroidManifest.xml:16:17-67
122                android:resource="@xml/flutter_image_picker_file_paths" />
122-->[:image_picker_android] AndroidManifest.xml:17:17-72
123        </provider>
124
125        <uses-library
125-->[androidx.window:window:1.0.0-beta04] AndroidManifest.xml:25:9-27:40
126            android:name="androidx.window.extensions"
126-->[androidx.window:window:1.0.0-beta04] AndroidManifest.xml:26:13-54
127            android:required="false" />
127-->[androidx.window:window:1.0.0-beta04] AndroidManifest.xml:27:13-37
128        <uses-library
128-->[androidx.window:window:1.0.0-beta04] AndroidManifest.xml:28:9-30:40
129            android:name="androidx.window.sidecar"
129-->[androidx.window:window:1.0.0-beta04] AndroidManifest.xml:29:13-51
130            android:required="false" />
130-->[androidx.window:window:1.0.0-beta04] AndroidManifest.xml:30:13-37
131
132        <receiver
132-->[com.google.firebase:firebase-messaging:23.1.1] AndroidManifest.xml:31:9-38:20
133            android:name="com.google.firebase.iid.FirebaseInstanceIdReceiver"
133-->[com.google.firebase:firebase-messaging:23.1.1] AndroidManifest.xml:32:13-78
134            android:exported="true"
134-->[com.google.firebase:firebase-messaging:23.1.1] AndroidManifest.xml:33:13-36
135            android:permission="com.google.android.c2dm.permission.SEND" >
135-->[com.google.firebase:firebase-messaging:23.1.1] AndroidManifest.xml:34:13-73
136            <intent-filter>
136-->[:firebase_messaging] AndroidManifest.xml:32:13-34:29
137                <action android:name="com.google.android.c2dm.intent.RECEIVE" />
137-->[:firebase_messaging] AndroidManifest.xml:33:17-81
137-->[:firebase_messaging] AndroidManifest.xml:33:25-78
138            </intent-filter>
139        </receiver>
140        <!--
141             FirebaseMessagingService performs security checks at runtime,
142             but set to not exported to explicitly avoid allowing another app to call it.
143        -->
144        <service
144-->[com.google.firebase:firebase-messaging:23.1.1] AndroidManifest.xml:44:9-51:19
145            android:name="com.google.firebase.messaging.FirebaseMessagingService"
145-->[com.google.firebase:firebase-messaging:23.1.1] AndroidManifest.xml:45:13-82
146            android:directBootAware="true"
146-->[com.google.firebase:firebase-messaging:23.1.1] AndroidManifest.xml:46:13-43
147            android:exported="false" >
147-->[com.google.firebase:firebase-messaging:23.1.1] AndroidManifest.xml:47:13-37
148            <intent-filter android:priority="-500" >
148-->[:firebase_messaging] AndroidManifest.xml:23:13-25:29
149                <action android:name="com.google.firebase.MESSAGING_EVENT" />
149-->[:firebase_messaging] AndroidManifest.xml:24:17-78
149-->[:firebase_messaging] AndroidManifest.xml:24:25-75
150            </intent-filter>
151        </service>
152        <service
152-->[com.google.android.datatransport:transport-backend-cct:3.1.8] AndroidManifest.xml:28:9-34:19
153            android:name="com.google.android.datatransport.runtime.backends.TransportBackendDiscovery"
153-->[com.google.android.datatransport:transport-backend-cct:3.1.8] AndroidManifest.xml:29:13-103
154            android:exported="false" >
154-->[com.google.android.datatransport:transport-backend-cct:3.1.8] AndroidManifest.xml:30:13-37
155            <meta-data
155-->[com.google.android.datatransport:transport-backend-cct:3.1.8] AndroidManifest.xml:31:13-33:39
156                android:name="backend:com.google.android.datatransport.cct.CctBackendFactory"
156-->[com.google.android.datatransport:transport-backend-cct:3.1.8] AndroidManifest.xml:32:17-94
157                android:value="cct" />
157-->[com.google.android.datatransport:transport-backend-cct:3.1.8] AndroidManifest.xml:33:17-36
158        </service>
159        <service
159-->[com.google.android.datatransport:transport-runtime:3.1.8] AndroidManifest.xml:26:9-30:19
160            android:name="com.google.android.datatransport.runtime.scheduling.jobscheduling.JobInfoSchedulerService"
160-->[com.google.android.datatransport:transport-runtime:3.1.8] AndroidManifest.xml:27:13-117
161            android:exported="false"
161-->[com.google.android.datatransport:transport-runtime:3.1.8] AndroidManifest.xml:28:13-37
162            android:permission="android.permission.BIND_JOB_SERVICE" >
162-->[com.google.android.datatransport:transport-runtime:3.1.8] AndroidManifest.xml:29:13-69
163        </service>
164
165        <receiver
165-->[com.google.android.datatransport:transport-runtime:3.1.8] AndroidManifest.xml:32:9-34:40
166            android:name="com.google.android.datatransport.runtime.scheduling.jobscheduling.AlarmManagerSchedulerBroadcastReceiver"
166-->[com.google.android.datatransport:transport-runtime:3.1.8] AndroidManifest.xml:33:13-132
167            android:exported="false" />
167-->[com.google.android.datatransport:transport-runtime:3.1.8] AndroidManifest.xml:34:13-37
168
169        <provider
169-->[com.google.firebase:firebase-common:20.3.0] AndroidManifest.xml:25:9-30:39
170            android:name="com.google.firebase.provider.FirebaseInitProvider"
170-->[com.google.firebase:firebase-common:20.3.0] AndroidManifest.xml:26:13-77
171            android:authorities="com.example.societyadminapp.firebaseinitprovider"
171-->[com.google.firebase:firebase-common:20.3.0] AndroidManifest.xml:27:13-72
172            android:directBootAware="true"
172-->[com.google.firebase:firebase-common:20.3.0] AndroidManifest.xml:28:13-43
173            android:exported="false"
173-->[com.google.firebase:firebase-common:20.3.0] AndroidManifest.xml:29:13-37
174            android:initOrder="100" />
174-->[com.google.firebase:firebase-common:20.3.0] AndroidManifest.xml:30:13-36
175
176        <receiver
176-->[com.google.android.gms:play-services-measurement:21.2.0] AndroidManifest.xml:29:9-33:20
177            android:name="com.google.android.gms.measurement.AppMeasurementReceiver"
177-->[com.google.android.gms:play-services-measurement:21.2.0] AndroidManifest.xml:30:13-85
178            android:enabled="true"
178-->[com.google.android.gms:play-services-measurement:21.2.0] AndroidManifest.xml:31:13-35
179            android:exported="false" >
179-->[com.google.android.gms:play-services-measurement:21.2.0] AndroidManifest.xml:32:13-37
180        </receiver>
181
182        <service
182-->[com.google.android.gms:play-services-measurement:21.2.0] AndroidManifest.xml:35:9-38:40
183            android:name="com.google.android.gms.measurement.AppMeasurementService"
183-->[com.google.android.gms:play-services-measurement:21.2.0] AndroidManifest.xml:36:13-84
184            android:enabled="true"
184-->[com.google.android.gms:play-services-measurement:21.2.0] AndroidManifest.xml:37:13-35
185            android:exported="false" />
185-->[com.google.android.gms:play-services-measurement:21.2.0] AndroidManifest.xml:38:13-37
186        <service
186-->[com.google.android.gms:play-services-measurement:21.2.0] AndroidManifest.xml:39:9-43:72
187            android:name="com.google.android.gms.measurement.AppMeasurementJobService"
187-->[com.google.android.gms:play-services-measurement:21.2.0] AndroidManifest.xml:40:13-87
188            android:enabled="true"
188-->[com.google.android.gms:play-services-measurement:21.2.0] AndroidManifest.xml:41:13-35
189            android:exported="false"
189-->[com.google.android.gms:play-services-measurement:21.2.0] AndroidManifest.xml:42:13-37
190            android:permission="android.permission.BIND_JOB_SERVICE" />
190-->[com.google.android.gms:play-services-measurement:21.2.0] AndroidManifest.xml:43:13-69
191
192        <activity
192-->[com.google.android.gms:play-services-base:18.0.1] AndroidManifest.xml:20:9-22:45
193            android:name="com.google.android.gms.common.api.GoogleApiActivity"
193-->[com.google.android.gms:play-services-base:18.0.1] AndroidManifest.xml:20:19-85
194            android:exported="false"
194-->[com.google.android.gms:play-services-base:18.0.1] AndroidManifest.xml:22:19-43
195            android:theme="@android:style/Theme.Translucent.NoTitleBar" />
195-->[com.google.android.gms:play-services-base:18.0.1] AndroidManifest.xml:21:19-78
196
197        <meta-data
197-->[com.google.android.gms:play-services-basement:18.1.0] AndroidManifest.xml:21:9-23:69
198            android:name="com.google.android.gms.version"
198-->[com.google.android.gms:play-services-basement:18.1.0] AndroidManifest.xml:22:13-58
199            android:value="@integer/google_play_services_version" />
199-->[com.google.android.gms:play-services-basement:18.1.0] AndroidManifest.xml:23:13-66
200    </application>
201
202</manifest>